[debug] [2018-04-03T00:19:13.312Z] ----------------------------------------------------------------------
[debug] [2018-04-03T00:19:13.316Z] Command:       /usr/local/bin/node /usr/local/bin/firebase deploy
[debug] [2018-04-03T00:19:13.316Z] CLI Version:   3.17.6
[debug] [2018-04-03T00:19:13.316Z] Platform:      darwin
[debug] [2018-04-03T00:19:13.316Z] Node Version:  v8.3.0
[debug] [2018-04-03T00:19:13.317Z] Time:          Mon Apr 02 2018 21:19:13 GMT-0300 (-03)
[debug] [2018-04-03T00:19:13.317Z] ----------------------------------------------------------------------
[debug] 
[debug] [2018-04-03T00:19:13.335Z] > command requires scopes: ["email","openid","https://www.googleapis.com/auth/cloudplatformprojects.readonly","https://www.googleapis.com/auth/firebase","https://www.googleapis.com/auth/cloud-platform"]
[debug] [2018-04-03T00:19:13.335Z] > authorizing via signed-in user
[debug] [2018-04-03T00:19:13.338Z] > refreshing access token with scopes: ["email","https://www.googleapis.com/auth/cloud-platform","https://www.googleapis.com/auth/cloudplatformprojects.readonly","https://www.googleapis.com/auth/firebase","openid"]
[debug] [2018-04-03T00:19:13.339Z] >>> HTTP REQUEST POST https://www.googleapis.com/oauth2/v3/token  
 { refresh_token: '1/5_3BXVHKatiTtI_uiOGlYAIYiB6OlerYMq4PchTjmvA',
  client_id: '563584335869-fgrhgmd47bqnekij5i8b5pr03ho849e6.apps.googleusercontent.com',
  client_secret: 'j9iVZfS8kkCEFUPaAeJV0sAi',
  grant_type: 'refresh_token',
  scope: 'email https://www.googleapis.com/auth/cloud-platform https://www.googleapis.com/auth/cloudplatformprojects.readonly https://www.googleapis.com/auth/firebase openid' } 
 Mon Apr 02 2018 21:19:13 GMT-0300 (-03)
[debug] [2018-04-03T00:19:13.794Z] <<< HTTP RESPONSE 200
[debug] [2018-04-03T00:19:13.808Z] >>> HTTP REQUEST GET https://admin.firebase.com/v1/projects/mackenzie-quiz  
  
 Mon Apr 02 2018 21:19:13 GMT-0300 (-03)
[debug] [2018-04-03T00:19:15.210Z] <<< HTTP RESPONSE 200
[debug] [2018-04-03T00:19:15.210Z] >>> HTTP REQUEST GET https://admin.firebase.com/v1/database/mackenzie-quiz/tokens  
  
 Mon Apr 02 2018 21:19:15 GMT-0300 (-03)
[debug] [2018-04-03T00:19:16.301Z] <<< HTTP RESPONSE 200
